<?xml version="1.0" encoding="UTF-8"?>
<!-- Generated by org.testng.reporters.JUnitReportReporter -->
<testsuite hostname="qt" name="runner.TestRunner" tests="1" failures="0" timestamp="12 Mar 2018 09:28:50 GMT" time="2.893" errors="0">
  <testcase name="feature" time="2.893" classname="runner.TestRunner"/>
</testsuite> <!-- runner.TestRunner -->
